<?xml version="1.0" encoding="UTF-8"?>
<!-- Generated by org.testng.reporters.JUnitXMLReporter -->
<testsuite hostname="sgl-pc" ignored="0" name="TestSuiteOne" tests="2" failures="0" timestamp="03 sie 2019 18:50:57 GMT" time="20.474" errors="0">
  <testcase name="VerificationIfUserCanLoginToTwitterAndAddTweet" time="8.979" classname="pl.itsqc.tests.TestSuiteOne"/>
  <testcase name="VerificationIfUserCanFollowAndUnfollowProfile" time="6.557" classname="pl.itsqc.tests.TestSuiteOne"/>
</testsuite> <!-- TestSuiteOne -->
