<?xml version="1.0" encoding="UTF-8"?>
<!-- Generated by org.testng.reporters.JUnitXMLReporter -->
<testsuite hostname="sgl-pc" ignored="0" name="TwitterTestsNGUTask" tests="2" failures="0" timestamp="03 sie 2019 13:02:51 GMT" time="28.996" errors="0">
  <testcase name="VerificationIfUserCanLoginToTwitterAndAddTweet" time="7.209" classname="pl.itsqc.tests.TestSuiteOne"/>
  <testcase name="VerificationIfUserCanFollowAndUnfollowProfile" time="15.426" classname="pl.itsqc.tests.TestSuiteOne"/>
</testsuite> <!-- TwitterTestsNGUTask -->
