<?xml version="1.0" encoding="UTF-8"?>
<testng-results skipped="0" failed="0" ignored="0" total="2" passed="2">
  <reporter-output>
  </reporter-output>
  <suite name="Twitter.com - Netguru task" duration-ms="20474" started-at="2019-08-03T18:50:37Z" finished-at="2019-08-03T18:50:57Z">
    <groups>
    </groups>
    <test name="TestSuiteOne" duration-ms="20474" started-at="2019-08-03T18:50:37Z" finished-at="2019-08-03T18:50:57Z">
      <class name="pl.itsqc.tests.TestSuiteOne">
        <test-method status="PASS" signature="setup()[pri:0, instance:pl.itsqc.tests.TestSuiteOne@60f82f98]" name="setup" is-config="true" duration-ms="3782" started-at="2019-08-03T18:50:37Z" finished-at="2019-08-03T18:50:40Z">
          <reporter-output>
          </reporter-output>
        </test-method> <!-- setup -->
        <test-method status="PASS" signature="VerificationIfUserCanLoginToTwitterAndAddTweet()[pri:0, instance:pl.itsqc.tests.TestSuiteOne@60f82f98]" name="VerificationIfUserCanLoginToTwitterAndAddTweet" duration-ms="8979" started-at="2019-08-03T18:50:40Z" description="Verification if a logged user can add a new tweet" finished-at="2019-08-03T18:50:49Z">
          <reporter-output>
          </reporter-output>
        </test-method> <!-- VerificationIfUserCanLoginToTwitterAndAddTweet -->
        <test-method status="PASS" signature="VerificationIfUserCanFollowAndUnfollowProfile()[pri:1, instance:pl.itsqc.tests.TestSuiteOne@60f82f98]" name="VerificationIfUserCanFollowAndUnfollowProfile" duration-ms="6557" started-at="2019-08-03T18:50:49Z" description="Verification if a logged user is able to follow and unfollow a profile in the application" finished-at="2019-08-03T18:50:56Z">
          <reporter-output>
          </reporter-output>
        </test-method> <!-- VerificationIfUserCanFollowAndUnfollowProfile -->
        <test-method status="PASS" signature="cleanup()[pri:0, instance:pl.itsqc.tests.TestSuiteOne@60f82f98]" name="cleanup" is-config="true" duration-ms="1091" started-at="2019-08-03T18:50:56Z" finished-at="2019-08-03T18:50:57Z">
          <reporter-output>
          </reporter-output>
        </test-method> <!-- cleanup -->
      </class> <!-- pl.itsqc.tests.TestSuiteOne -->
    </test> <!-- TestSuiteOne -->
  </suite> <!-- Twitter.com - Netguru task -->
</testng-results>
